<?xml version="1.0" encoding="UTF-8"?>
<!-- Generated by org.testng.reporters.JUnitReportReporter -->
<testsuite skipped="0" hostname="SATYAJIT-PC" name="com.inetbanking.testCases.TC_LoginTest_001" tests="1" failures="0" timestamp="09 Dec 2019 17:39:30 GMT" time="2.079" errors="0">
  <testcase name="loginTest" time="2.079" classname="com.inetbanking.testCases.TC_LoginTest_001"/>
</testsuite> <!-- com.inetbanking.testCases.TC_LoginTest_001 -->
